<?xml version="1.0" encoding="UTF-8"?>
<!-- Generated by org.testng.reporters.JUnitReportReporter -->
<testsuite hostname="sidharth" failures="0" tests="7" name="com.actitime.testCases.TC_LoginTest_001" time="58.297" errors="0" timestamp="2021-09-12T11:15:20 IST" skipped="0">
  <testcase classname="com.actitime.testCases.TC_LoginTest_001" name="loginTest" time="11.343"/>
  <system-out/>
  <testcase classname="com.actitime.testCases.TC_LoginTest_001" name="HomePage" time="7.837"/>
  <system-out/>
  <testcase classname="com.actitime.testCases.TC_LoginTest_001" name="TaskPage" time="5.444"/>
  <system-out/>
  <testcase classname="com.actitime.testCases.TC_LoginTest_001" name="CreatCustomer" time="10.834"/>
  <system-out/>
  <testcase classname="com.actitime.testCases.TC_LoginTest_001" name="Setting" time="16.765"/>
  <system-out/>
  <testcase classname="com.actitime.testCases.TC_LoginTest_001" name="Leavepage" time="0.951"/>
  <system-out/>
  <testcase classname="com.actitime.testCases.TC_LoginTest_001" name="logout" time="5.123"/>
  <system-out/>
</testsuite> <!-- com.actitime.testCases.TC_LoginTest_001 -->
