<?xml version="1.0" encoding="UTF-8"?>
<!-- Generated by org.testng.reporters.JUnitReportReporter -->
<testsuite hostname="sidharth" failures="0" tests="4" name="com.actitime.testCases.TC_loginDDt_002" time="29.541" errors="0" timestamp="2021-09-12T18:34:34 IST" skipped="0">
  <testcase classname="com.actitime.testCases.TC_loginDDt_002" name="loginDDT" time="5.716"/>
  <system-out/>
  <testcase classname="com.actitime.testCases.TC_loginDDt_002" name="loginDDT" time="10.920"/>
  <system-out/>
  <testcase classname="com.actitime.testCases.TC_loginDDt_002" name="loginDDT" time="7.022"/>
  <system-out/>
  <testcase classname="com.actitime.testCases.TC_loginDDt_002" name="loginDDT" time="5.883"/>
  <system-out/>
</testsuite> <!-- com.actitime.testCases.TC_loginDDt_002 -->
