<?xml version="1.0" encoding="UTF-8"?>
<!-- Generated by org.testng.reporters.JUnitReportReporter -->
<testsuite hostname="sidharth" failures="0" tests="7" name="com.actitime.testCases.TC_LoginTest_001" time="53.386" errors="0" timestamp="2021-09-12T20:06:03 IST" skipped="0">
  <testcase classname="com.actitime.testCases.TC_LoginTest_001" name="loginTest" time="10.029"/>
  <system-out/>
  <testcase classname="com.actitime.testCases.TC_LoginTest_001" name="HomePage" time="8.500"/>
  <system-out/>
  <testcase classname="com.actitime.testCases.TC_LoginTest_001" name="TaskPage" time="5.493"/>
  <system-out/>
  <testcase classname="com.actitime.testCases.TC_LoginTest_001" name="CreatCustomer" time="11.457"/>
  <system-out/>
  <testcase classname="com.actitime.testCases.TC_LoginTest_001" name="Setting" time="13.953"/>
  <system-out/>
  <testcase classname="com.actitime.testCases.TC_LoginTest_001" name="Leavepage" time="0.832"/>
  <system-out/>
  <testcase classname="com.actitime.testCases.TC_LoginTest_001" name="logout" time="3.122"/>
  <system-out/>
</testsuite> <!-- com.actitime.testCases.TC_LoginTest_001 -->
